<?xml version="1.0" encoding="UTF-8"?>
<testsuites name="Add Data User" time="168.49" tests="3" failures="0" errors="0">
   <testsuite name="Add Data User" tests="3" failures="0" errors="0" time="168.49" skipped="0" timestamp="2023-09-26 14:09:45" hostname="Abang Ubai - DESKTOP-30NH0U4" id="Test Suites/Add Data User">
      <properties>
         <property name="deviceName" value=""/>
         <property name="devicePlatform" value=""/>
         <property name="logFolder" value="C:\\Users\\Abang Ubai\\Katalon Studio\\AutomationOrange\\Reports\\20230926_140928\\Add Data User\\20230926_140928"/>
         <property name="logFiles" value="C:\\Users\\Abang Ubai\\Katalon Studio\\AutomationOrange\\Reports\\20230926_140928\\Add Data User\\20230926_140928\\execution0.log"/>
         <property name="attachments" value=""/>
         <property name="hostName" value="Abang Ubai - DESKTOP-30NH0U4"/>
         <property name="os" value="Windows 10 64bit"/>
         <property name="katalonVersion" value="8.4.1.208"/>
         <property name="browser" value="Chrome 116.0.0.0"/>
         <property name="hostAddress" value="172.120.36.152"/>
         <property name="sessionId" value="72b88b0a8f13323a54818965e43d7b06"/>
         <property name="seleniumVersion" value="3.141.59"/>
         <property name="proxyInformation" value="ProxyInformation { proxyOption=NO_PROXY, proxyServerType=HTTP, username=, password=********, proxyServerAddress=, proxyServerPort=0, executionList=&quot;&quot;, isApplyToDesiredCapabilities=true }"/>
         <property name="platform" value="Windows 10"/>
      </properties>
      <testcase name="Test Cases/TCC01 Login inValid" time="60.719" classname="Test Cases/TCC01 Login inValid" status="PASSED">
         <system-out><![CDATA[2023-09-26 14:09:46 - [TEST_CASE][PASSED] - Test Cases/TCC01 Login inValid: Test Cases/TCC01 Login inValid

2023-09-26 14:09:48 - [TEST_STEP][PASSED] - openBrowser(""): Browser is opened with url: ''

2023-09-26 14:09:50 - [MESSAGE][INFO] - Starting 'Chrome' driver

2023-09-26 14:09:50 - [MESSAGE][INFO] - Action delay is set to 0 milliseconds

2023-09-26 14:10:21 - [MESSAGE][PASSED] - Browser is opened with url: ''

2023-09-26 14:10:21 - [TEST_STEP][PASSED] - maximizeWindow(): Current window maximized

2023-09-26 14:10:21 - [MESSAGE][PASSED] - Current window maximized

2023-09-26 14:10:21 - [TEST_STEP][PASSED] - navigateToUrl("https://opensource-demo.orangehrmlive.com/web/index.php/auth/login"): Navigate to 'https://opensource-demo.orangehrmlive.com/web/index.php/auth/login' successfully

2023-09-26 14:10:34 - [MESSAGE][PASSED] - Navigate to 'https://opensource-demo.orangehrmlive.com/web/index.php/auth/login' successfully

2023-09-26 14:10:34 - [TEST_STEP][PASSED] - setText(findTestObject("Object Repository/loginPage_OrangeHRM/inputUsername"), Username): Text 'Admin' is set on object 'Object Repository/loginPage_OrangeHRM/inputUsername'

2023-09-26 14:10:39 - [MESSAGE][PASSED] - Text 'Admin' is set on object 'Object Repository/loginPage_OrangeHRM/inputUsername'

2023-09-26 14:10:39 - [TEST_STEP][PASSED] - setText(findTestObject("loginPage_OrangeHRM/inputPassword"), Password): Text 'user321' is set on object 'Object Repository/loginPage_OrangeHRM/inputPassword'

2023-09-26 14:10:40 - [MESSAGE][PASSED] - Text 'user321' is set on object 'Object Repository/loginPage_OrangeHRM/inputPassword'

2023-09-26 14:10:40 - [TEST_STEP][PASSED] - click(findTestObject("Object Repository/loginPage_OrangeHRM/btn_Login")): Object: 'Object Repository/loginPage_OrangeHRM/btn_Login' is clicked on

2023-09-26 14:10:43 - [MESSAGE][PASSED] - Object: 'Object Repository/loginPage_OrangeHRM/btn_Login' is clicked on

2023-09-26 14:10:43 - [TEST_STEP][PASSED] - delay(2): Delayed 2 second(s)

2023-09-26 14:10:45 - [MESSAGE][PASSED] - Delayed 2 second(s)

2023-09-26 14:10:45 - [TEST_STEP][PASSED] - closeBrowser(): Browser is closed

2023-09-26 14:10:47 - [MESSAGE][PASSED] - Browser is closed]]></system-out>
         <system-err><![CDATA[]]></system-err>
      </testcase>
      <testcase name="Test Cases/TCC01 Login inValid" time="29.481" classname="Test Cases/TCC01 Login inValid" status="PASSED">
         <system-out><![CDATA[2023-09-26 14:10:47 - [TEST_CASE][PASSED] - Test Cases/TCC01 Login inValid: Test Cases/TCC01 Login inValid

2023-09-26 14:10:47 - [TEST_STEP][PASSED] - openBrowser(""): Browser is opened with url: ''

2023-09-26 14:10:47 - [MESSAGE][INFO] - Starting 'Chrome' driver

2023-09-26 14:10:47 - [MESSAGE][INFO] - Action delay is set to 0 milliseconds

2023-09-26 14:10:53 - [MESSAGE][PASSED] - Browser is opened with url: ''

2023-09-26 14:10:53 - [TEST_STEP][PASSED] - maximizeWindow(): Current window maximized

2023-09-26 14:10:53 - [MESSAGE][PASSED] - Current window maximized

2023-09-26 14:10:53 - [TEST_STEP][PASSED] - navigateToUrl("https://opensource-demo.orangehrmlive.com/web/index.php/auth/login"): Navigate to 'https://opensource-demo.orangehrmlive.com/web/index.php/auth/login' successfully

2023-09-26 14:11:10 - [MESSAGE][PASSED] - Navigate to 'https://opensource-demo.orangehrmlive.com/web/index.php/auth/login' successfully

2023-09-26 14:11:10 - [TEST_STEP][PASSED] - setText(findTestObject("Object Repository/loginPage_OrangeHRM/inputUsername"), Username): Text 'user123' is set on object 'Object Repository/loginPage_OrangeHRM/inputUsername'

2023-09-26 14:11:12 - [MESSAGE][PASSED] - Text 'user123' is set on object 'Object Repository/loginPage_OrangeHRM/inputUsername'

2023-09-26 14:11:12 - [TEST_STEP][PASSED] - setText(findTestObject("loginPage_OrangeHRM/inputPassword"), Password): Text 'admin123' is set on object 'Object Repository/loginPage_OrangeHRM/inputPassword'

2023-09-26 14:11:13 - [MESSAGE][PASSED] - Text 'admin123' is set on object 'Object Repository/loginPage_OrangeHRM/inputPassword'

2023-09-26 14:11:13 - [TEST_STEP][PASSED] - click(findTestObject("Object Repository/loginPage_OrangeHRM/btn_Login")): Object: 'Object Repository/loginPage_OrangeHRM/btn_Login' is clicked on

2023-09-26 14:11:13 - [MESSAGE][PASSED] - Object: 'Object Repository/loginPage_OrangeHRM/btn_Login' is clicked on

2023-09-26 14:11:13 - [TEST_STEP][PASSED] - delay(2): Delayed 2 second(s)

2023-09-26 14:11:15 - [MESSAGE][PASSED] - Delayed 2 second(s)

2023-09-26 14:11:15 - [TEST_STEP][PASSED] - closeBrowser(): Browser is closed

2023-09-26 14:11:17 - [MESSAGE][PASSED] - Browser is closed]]></system-out>
         <system-err><![CDATA[]]></system-err>
      </testcase>
      <testcase name="Test Cases/TCC02 Feature Admin" time="76.561" classname="Test Cases/TCC02 Feature Admin" status="PASSED">
         <system-out><![CDATA[2023-09-26 14:11:17 - [TEST_CASE][PASSED] - Test Cases/TCC02 Feature Admin: Test Cases/TCC02 Feature Admin

2023-09-26 14:11:18 - [TEST_STEP][PASSED] - openBrowser(""): Browser is opened with url: ''

2023-09-26 14:11:18 - [MESSAGE][INFO] - Starting 'Chrome' driver

2023-09-26 14:11:18 - [MESSAGE][INFO] - Action delay is set to 0 milliseconds

2023-09-26 14:11:22 - [MESSAGE][PASSED] - Browser is opened with url: ''

2023-09-26 14:11:22 - [TEST_STEP][PASSED] - maximizeWindow(): Current window maximized

2023-09-26 14:11:22 - [MESSAGE][PASSED] - Current window maximized

2023-09-26 14:11:22 - [TEST_STEP][PASSED] - navigateToUrl("https://opensource-demo.orangehrmlive.com/web/index.php/auth/login"): Navigate to 'https://opensource-demo.orangehrmlive.com/web/index.php/auth/login' successfully

2023-09-26 14:11:34 - [MESSAGE][PASSED] - Navigate to 'https://opensource-demo.orangehrmlive.com/web/index.php/auth/login' successfully

2023-09-26 14:11:34 - [TEST_STEP][PASSED] - setText(findTestObject("Object Repository/loginPage_OrangeHRM/inputUsername"), "Admin"): Text 'Admin' is set on object 'Object Repository/loginPage_OrangeHRM/inputUsername'

2023-09-26 14:11:37 - [MESSAGE][PASSED] - Text 'Admin' is set on object 'Object Repository/loginPage_OrangeHRM/inputUsername'

2023-09-26 14:11:37 - [TEST_STEP][PASSED] - setEncryptedText(findTestObject("loginPage_OrangeHRM/inputPassword"), "hUKwJTbofgPU9eVlw/CnDQ=="): Text ****** has been set on object 'Object Repository/loginPage_OrangeHRM/inputPassword'

2023-09-26 14:11:38 - [MESSAGE][PASSED] - Text ****** has been set on object 'Object Repository/loginPage_OrangeHRM/inputPassword'

2023-09-26 14:11:38 - [TEST_STEP][PASSED] - click(findTestObject("Object Repository/loginPage_OrangeHRM/btn_Login")): Object: 'Object Repository/loginPage_OrangeHRM/btn_Login' is clicked on

2023-09-26 14:11:39 - [MESSAGE][PASSED] - Object: 'Object Repository/loginPage_OrangeHRM/btn_Login' is clicked on

2023-09-26 14:11:39 - [TEST_STEP][PASSED] - delay(2): Delayed 2 second(s)

2023-09-26 14:11:41 - [MESSAGE][PASSED] - Delayed 2 second(s)

2023-09-26 14:11:41 - [TEST_STEP][PASSED] - verifyElementVisible(findTestObject("Object Repository/Home_OrangeHRM/Page_OrangeHRM/img")): Object 'Object Repository/Home_OrangeHRM/Page_OrangeHRM/img' is visible

2023-09-26 14:11:44 - [MESSAGE][PASSED] - Object 'Object Repository/Home_OrangeHRM/Page_OrangeHRM/img' is visible

2023-09-26 14:11:44 - [TEST_STEP][PASSED] - click(findTestObject("Object Repository/Home_OrangeHRM/Page_OrangeHRM/menuAdmin")): Object: 'Object Repository/Home_OrangeHRM/Page_OrangeHRM/menuAdmin' is clicked on

2023-09-26 14:11:47 - [MESSAGE][PASSED] - Object: 'Object Repository/Home_OrangeHRM/Page_OrangeHRM/menuAdmin' is clicked on

2023-09-26 14:11:47 - [TEST_STEP][PASSED] - click(findTestObject("Object Repository/Home_OrangeHRM/Page_OrangeHRM/button_Add")): Object: 'Object Repository/Home_OrangeHRM/Page_OrangeHRM/button_Add' is clicked on

2023-09-26 14:11:49 - [MESSAGE][PASSED] - Object: 'Object Repository/Home_OrangeHRM/Page_OrangeHRM/button_Add' is clicked on

2023-09-26 14:11:49 - [TEST_STEP][PASSED] - click(findTestObject("Home_OrangeHRM/Page_OrangeHRM/btnCombo_UserRole")): Object: 'Object Repository/Home_OrangeHRM/Page_OrangeHRM/btnCombo_UserRole' is clicked on

2023-09-26 14:11:51 - [MESSAGE][PASSED] - Object: 'Object Repository/Home_OrangeHRM/Page_OrangeHRM/btnCombo_UserRole' is clicked on

2023-09-26 14:11:51 - [TEST_STEP][PASSED] - click(findTestObject("Home_OrangeHRM/Page_OrangeHRM/div_Admin")): Object: 'Object Repository/Home_OrangeHRM/Page_OrangeHRM/div_Admin' is clicked on

2023-09-26 14:11:51 - [MESSAGE][PASSED] - Object: 'Object Repository/Home_OrangeHRM/Page_OrangeHRM/div_Admin' is clicked on

2023-09-26 14:11:51 - [TEST_STEP][PASSED] - click(findTestObject("Home_OrangeHRM/Page_OrangeHRM/btnCombo_Status")): Object: 'Object Repository/Home_OrangeHRM/Page_OrangeHRM/btnCombo_Status' is clicked on

2023-09-26 14:11:52 - [MESSAGE][PASSED] - Object: 'Object Repository/Home_OrangeHRM/Page_OrangeHRM/btnCombo_Status' is clicked on

2023-09-26 14:11:52 - [TEST_STEP][PASSED] - click(findTestObject("Home_OrangeHRM/Page_OrangeHRM/div_Enabled")): Object: 'Object Repository/Home_OrangeHRM/Page_OrangeHRM/div_Enabled' is clicked on

2023-09-26 14:11:52 - [MESSAGE][PASSED] - Object: 'Object Repository/Home_OrangeHRM/Page_OrangeHRM/div_Enabled' is clicked on

2023-09-26 14:11:52 - [TEST_STEP][PASSED] - setText(findTestObject("Object Repository/Home_OrangeHRM/Page_OrangeHRM/txtEmployeeName"), "Lisa  Andrews"): Text 'Lisa  Andrews' is set on object 'Object Repository/Home_OrangeHRM/Page_OrangeHRM/txtEmployeeName'

2023-09-26 14:11:54 - [MESSAGE][PASSED] - Text 'Lisa  Andrews' is set on object 'Object Repository/Home_OrangeHRM/Page_OrangeHRM/txtEmployeeName'

2023-09-26 14:11:54 - [TEST_STEP][PASSED] - delay(2): Delayed 2 second(s)

2023-09-26 14:11:56 - [MESSAGE][PASSED] - Delayed 2 second(s)

2023-09-26 14:11:56 - [TEST_STEP][PASSED] - click(findTestObject("Home_OrangeHRM/Page_OrangeHRM/div_Lisa  Andrews")): Object: 'Object Repository/Home_OrangeHRM/Page_OrangeHRM/div_Lisa  Andrews' is clicked on

2023-09-26 14:11:56 - [MESSAGE][PASSED] - Object: 'Object Repository/Home_OrangeHRM/Page_OrangeHRM/div_Lisa  Andrews' is clicked on

2023-09-26 14:11:56 - [TEST_STEP][PASSED] - setText(findTestObject("Object Repository/Home_OrangeHRM/Page_OrangeHRM/txtUsername"), "Fulanah"): Text 'Fulanah' is set on object 'Object Repository/Home_OrangeHRM/Page_OrangeHRM/txtUsername'

2023-09-26 14:11:58 - [MESSAGE][PASSED] - Text 'Fulanah' is set on object 'Object Repository/Home_OrangeHRM/Page_OrangeHRM/txtUsername'

2023-09-26 14:11:58 - [TEST_STEP][PASSED] - setEncryptedText(findTestObject("Home_OrangeHRM/Page_OrangeHRM/txtPassword"), "5wDvdGfyrpt1xtujkDV8bA=="): Text ****** has been set on object 'Object Repository/Home_OrangeHRM/Page_OrangeHRM/txtPassword'

2023-09-26 14:11:58 - [MESSAGE][PASSED] - Text ****** has been set on object 'Object Repository/Home_OrangeHRM/Page_OrangeHRM/txtPassword'

2023-09-26 14:11:58 - [TEST_STEP][PASSED] - setEncryptedText(findTestObject("Home_OrangeHRM/Page_OrangeHRM/txtConfirmPassword"), "5wDvdGfyrpt1xtujkDV8bA=="): Text ****** has been set on object 'Object Repository/Home_OrangeHRM/Page_OrangeHRM/txtConfirmPassword'

2023-09-26 14:12:00 - [MESSAGE][PASSED] - Text ****** has been set on object 'Object Repository/Home_OrangeHRM/Page_OrangeHRM/txtConfirmPassword'

2023-09-26 14:12:00 - [TEST_STEP][PASSED] - click(findTestObject("Object Repository/Home_OrangeHRM/Page_OrangeHRM/button_Save")): Object: 'Object Repository/Home_OrangeHRM/Page_OrangeHRM/button_Save' is clicked on

2023-09-26 14:12:01 - [MESSAGE][PASSED] - Object: 'Object Repository/Home_OrangeHRM/Page_OrangeHRM/button_Save' is clicked on

2023-09-26 14:12:01 - [TEST_STEP][PASSED] - delay(3): Delayed 3 second(s)

2023-09-26 14:12:04 - [MESSAGE][PASSED] - Delayed 3 second(s)

2023-09-26 14:12:04 - [TEST_STEP][PASSED] - setText(findTestObject("Object Repository/Home_OrangeHRM/Page_OrangeHRM/input_Username_oxd-input oxd-input--focus_1"), "Fulanah"): Text 'Fulanah' is set on object 'Object Repository/Home_OrangeHRM/Page_OrangeHRM/input_Username_oxd-input oxd-input--focus_1'

2023-09-26 14:12:10 - [MESSAGE][PASSED] - Text 'Fulanah' is set on object 'Object Repository/Home_OrangeHRM/Page_OrangeHRM/input_Username_oxd-input oxd-input--focus_1'

2023-09-26 14:12:10 - [TEST_STEP][PASSED] - click(findTestObject("Object Repository/Home_OrangeHRM/Page_OrangeHRM/i_-- Select --_oxd-icon bi-caret-up-fill ox_627fec_1")): Object: 'Object Repository/Home_OrangeHRM/Page_OrangeHRM/i_-- Select --_oxd-icon bi-caret-up-fill ox_627fec_1' is clicked on

2023-09-26 14:12:10 - [MESSAGE][PASSED] - Object: 'Object Repository/Home_OrangeHRM/Page_OrangeHRM/i_-- Select --_oxd-icon bi-caret-up-fill ox_627fec_1' is clicked on

2023-09-26 14:12:10 - [TEST_STEP][PASSED] - click(findTestObject("Home_OrangeHRM/Page_OrangeHRM/Page_OrangeHRM/div_Admin")): Object: 'Object Repository/Home_OrangeHRM/Page_OrangeHRM/Page_OrangeHRM/div_Admin' is clicked on

2023-09-26 14:12:11 - [MESSAGE][PASSED] - Object: 'Object Repository/Home_OrangeHRM/Page_OrangeHRM/Page_OrangeHRM/div_Admin' is clicked on

2023-09-26 14:12:11 - [TEST_STEP][PASSED] - setText(findTestObject("Home_OrangeHRM/Page_OrangeHRM/Page_OrangeHRM/input"), "Lisa  Andrews"): Text 'Lisa  Andrews' is set on object 'Object Repository/Home_OrangeHRM/Page_OrangeHRM/Page_OrangeHRM/input'

2023-09-26 14:12:12 - [MESSAGE][PASSED] - Text 'Lisa  Andrews' is set on object 'Object Repository/Home_OrangeHRM/Page_OrangeHRM/Page_OrangeHRM/input'

2023-09-26 14:12:12 - [TEST_STEP][PASSED] - delay(3): Delayed 3 second(s)

2023-09-26 14:12:15 - [MESSAGE][PASSED] - Delayed 3 second(s)

2023-09-26 14:12:15 - [TEST_STEP][PASSED] - click(findTestObject("Home_OrangeHRM/Page_OrangeHRM/Page_OrangeHRM/div_Lisa  Andrews")): Object: 'Object Repository/Home_OrangeHRM/Page_OrangeHRM/Page_OrangeHRM/div_Lisa  Andrews' is clicked on

2023-09-26 14:12:16 - [MESSAGE][PASSED] - Object: 'Object Repository/Home_OrangeHRM/Page_OrangeHRM/Page_OrangeHRM/div_Lisa  Andrews' is clicked on

2023-09-26 14:12:16 - [TEST_STEP][PASSED] - click(findTestObject("Home_OrangeHRM/Page_OrangeHRM/Page_OrangeHRM/div_-- Select --")): Object: 'Object Repository/Home_OrangeHRM/Page_OrangeHRM/Page_OrangeHRM/div_-- Select --' is clicked on

2023-09-26 14:12:17 - [MESSAGE][PASSED] - Object: 'Object Repository/Home_OrangeHRM/Page_OrangeHRM/Page_OrangeHRM/div_-- Select --' is clicked on

2023-09-26 14:12:17 - [TEST_STEP][PASSED] - click(findTestObject("Home_OrangeHRM/Page_OrangeHRM/Page_OrangeHRM/div_Enabled")): Object: 'Object Repository/Home_OrangeHRM/Page_OrangeHRM/Page_OrangeHRM/div_Enabled' is clicked on

2023-09-26 14:12:18 - [MESSAGE][PASSED] - Object: 'Object Repository/Home_OrangeHRM/Page_OrangeHRM/Page_OrangeHRM/div_Enabled' is clicked on

2023-09-26 14:12:18 - [TEST_STEP][PASSED] - click(findTestObject("Object Repository/Home_OrangeHRM/Page_OrangeHRM/button_Search")): Object: 'Object Repository/Home_OrangeHRM/Page_OrangeHRM/button_Search' is clicked on

2023-09-26 14:12:18 - [MESSAGE][PASSED] - Object: 'Object Repository/Home_OrangeHRM/Page_OrangeHRM/button_Search' is clicked on

2023-09-26 14:12:18 - [TEST_STEP][PASSED] - scrollToPosition(100, 200): Browser is scrolled to position x = 100, y = 200

2023-09-26 14:12:19 - [MESSAGE][PASSED] - Browser is scrolled to position x = 100, y = 200

2023-09-26 14:12:19 - [TEST_STEP][PASSED] - delay(5): Delayed 5 second(s)

2023-09-26 14:12:24 - [MESSAGE][PASSED] - Delayed 5 second(s)

2023-09-26 14:12:24 - [TEST_STEP][PASSED] - verifyElementText(findTestObject("Home_OrangeHRM/Page_OrangeHRM/verifyName"), "Fulanah"): Actual text and expected text of test object 'Object Repository/Home_OrangeHRM/Page_OrangeHRM/verifyName' are matched.

2023-09-26 14:12:26 - [MESSAGE][PASSED] - Actual text and expected text of test object 'Object Repository/Home_OrangeHRM/Page_OrangeHRM/verifyName' are matched.

2023-09-26 14:12:26 - [TEST_STEP][PASSED] - closeBrowser(): Browser is closed

2023-09-26 14:12:33 - [MESSAGE][PASSED] - Browser is closed]]></system-out>
         <system-err><![CDATA[]]></system-err>
      </testcase>
      <system-out><![CDATA[2023-09-26 14:09:45 - [TEST_SUITE][PASSED] - Add Data User: Test Cases/TCC02 Feature Admin]]></system-out>
      <system-err><![CDATA[]]></system-err>
   </testsuite>
</testsuites>
